{"C:\\Users\\ichsa\\Documents\\Hacktiv8\\Phase2\\individual project\\ip-ichsan2735\\server\\app.js": {"path":"C:\\Users\\ichsa\\Documents\\Hacktiv8\\Phase2\\individual project\\ip-ichsan2735\\server\\app.js","statementMap":{"0":{"start":{"line":1,"column":0},"end":{"line":3,"column":1}},"1":{"start":{"line":2,"column":4},"end":{"line":2,"column":30}},"2":{"start":{"line":5,"column":13},"end":{"line":5,"column":28}},"3":{"start":{"line":6,"column":16},"end":{"line":6,"column":34}},"4":{"start":{"line":7,"column":12},"end":{"line":7,"column":21}},"5":{"start":{"line":8,"column":15},"end":{"line":8,"column":35}},"6":{"start":{"line":9,"column":21},"end":{"line":9,"column":58}},"7":{"start":{"line":11,"column":0},"end":{"line":11,"column":15}},"8":{"start":{"line":12,"column":0},"end":{"line":12,"column":47}},"9":{"start":{"line":13,"column":0},"end":{"line":13,"column":23}},"10":{"start":{"line":15,"column":0},"end":{"line":17,"column":2}},"11":{"start":{"line":16,"column":2},"end":{"line":16,"column":36}},"12":{"start":{"line":19,"column":0},"end":{"line":19,"column":15}},"13":{"start":{"line":20,"column":0},"end":{"line":20,"column":21}},"14":{"start":{"line":22,"column":0},"end":{"line":22,"column":20}}},"fnMap":{"0":{"name":"(anonymous_0)","decl":{"start":{"line":15,"column":13},"end":{"line":15,"column":14}},"loc":{"start":{"line":15,"column":27},"end":{"line":17,"column":1}},"line":15}},"branchMap":{"0":{"loc":{"start":{"line":1,"column":0},"end":{"line":3,"column":1}},"type":"if","locations":[{"start":{"line":1,"column":0},"end":{"line":3,"column":1}},{"start":{},"end":{}}],"line":1}},"s":{"0":2,"1":2,"2":2,"3":2,"4":2,"5":2,"6":2,"7":2,"8":2,"9":2,"10":2,"11":0,"12":2,"13":2,"14":2},"f":{"0":0},"b":{"0":[2,0]},"_coverageSchema":"1a1c01bbd47fc00a2c39e90264f33305004495a9","hash":"a5258a2d198436a710bb37e616c755d77990707b"}
,"C:\\Users\\ichsa\\Documents\\Hacktiv8\\Phase2\\individual project\\ip-ichsan2735\\server\\controllers\\postController.js": {"path":"C:\\Users\\ichsa\\Documents\\Hacktiv8\\Phase2\\individual project\\ip-ichsan2735\\server\\controllers\\postController.js","statementMap":{"0":{"start":{"line":1,"column":41},"end":{"line":1,"column":61}},"1":{"start":{"line":2,"column":31},"end":{"line":2,"column":63}},"2":{"start":{"line":3,"column":19},"end":{"line":3,"column":43}},"3":{"start":{"line":7,"column":8},"end":{"line":37,"column":9}},"4":{"start":{"line":8,"column":26},"end":{"line":31,"column":14}},"5":{"start":{"line":33,"column":12},"end":{"line":33,"column":39}},"6":{"start":{"line":36,"column":12},"end":{"line":36,"column":23}},"7":{"start":{"line":41,"column":8},"end":{"line":56,"column":9}},"8":{"start":{"line":42,"column":27},"end":{"line":42,"column":35}},"9":{"start":{"line":43,"column":31},"end":{"line":43,"column":41}},"10":{"start":{"line":44,"column":32},"end":{"line":44,"column":40}},"11":{"start":{"line":46,"column":31},"end":{"line":50,"column":14}},"12":{"start":{"line":52,"column":12},"end":{"line":52,"column":44}},"13":{"start":{"line":55,"column":12},"end":{"line":55,"column":23}},"14":{"start":{"line":60,"column":8},"end":{"line":82,"column":9}},"15":{"start":{"line":61,"column":31},"end":{"line":61,"column":41}},"16":{"start":{"line":63,"column":30},"end":{"line":77,"column":14}},"17":{"start":{"line":78,"column":12},"end":{"line":78,"column":43}},"18":{"start":{"line":81,"column":12},"end":{"line":81,"column":23}},"19":{"start":{"line":86,"column":8},"end":{"line":90,"column":9}},"20":{"start":{"line":89,"column":12},"end":{"line":89,"column":23}},"21":{"start":{"line":94,"column":8},"end":{"line":119,"column":9}},"22":{"start":{"line":95,"column":26},"end":{"line":95,"column":76}},"23":{"start":{"line":96,"column":26},"end":{"line":96,"column":81}},"24":{"start":{"line":99,"column":16},"end":{"line":104,"column":18}},"25":{"start":{"line":107,"column":27},"end":{"line":107,"column":152}},"26":{"start":{"line":108,"column":30},"end":{"line":108,"column":80}},"27":{"start":{"line":110,"column":27},"end":{"line":110,"column":75}},"28":{"start":{"line":113,"column":12},"end":{"line":113,"column":56}},"29":{"start":{"line":118,"column":12},"end":{"line":118,"column":23}},"30":{"start":{"line":123,"column":8},"end":{"line":168,"column":9}},"31":{"start":{"line":126,"column":27},"end":{"line":126,"column":35}},"32":{"start":{"line":127,"column":42},"end":{"line":127,"column":50}},"33":{"start":{"line":129,"column":12},"end":{"line":129,"column":57}},"34":{"start":{"line":129,"column":26},"end":{"line":129,"column":57}},"35":{"start":{"line":131,"column":26},"end":{"line":131,"column":76}},"36":{"start":{"line":132,"column":26},"end":{"line":132,"column":81}},"37":{"start":{"line":134,"column":27},"end":{"line":134,"column":94}},"38":{"start":{"line":136,"column":27},"end":{"line":136,"column":62}},"39":{"start":{"line":140,"column":29},"end":{"line":140,"column":51}},"40":{"start":{"line":145,"column":12},"end":{"line":149,"column":15}},"41":{"start":{"line":150,"column":31},"end":{"line":150,"column":78}},"42":{"start":{"line":152,"column":32},"end":{"line":152,"column":170}},"43":{"start":{"line":154,"column":28},"end":{"line":160,"column":14}},"44":{"start":{"line":162,"column":12},"end":{"line":162,"column":41}},"45":{"start":{"line":167,"column":12},"end":{"line":167,"column":23}},"46":{"start":{"line":172,"column":8},"end":{"line":186,"column":9}},"47":{"start":{"line":174,"column":31},"end":{"line":174,"column":41}},"48":{"start":{"line":175,"column":30},"end":{"line":175,"column":58}},"49":{"start":{"line":177,"column":12},"end":{"line":177,"column":54}},"50":{"start":{"line":177,"column":28},"end":{"line":177,"column":54}},"51":{"start":{"line":179,"column":12},"end":{"line":179,"column":58}},"52":{"start":{"line":181,"column":12},"end":{"line":181,"column":71}},"53":{"start":{"line":185,"column":12},"end":{"line":185,"column":23}},"54":{"start":{"line":190,"column":8},"end":{"line":199,"column":9}},"55":{"start":{"line":191,"column":31},"end":{"line":191,"column":41}},"56":{"start":{"line":192,"column":30},"end":{"line":192,"column":58}},"57":{"start":{"line":194,"column":12},"end":{"line":194,"column":54}},"58":{"start":{"line":194,"column":28},"end":{"line":194,"column":54}},"59":{"start":{"line":196,"column":12},"end":{"line":196,"column":43}},"60":{"start":{"line":198,"column":12},"end":{"line":198,"column":23}},"61":{"start":{"line":203,"column":8},"end":{"line":244,"column":9}},"62":{"start":{"line":205,"column":31},"end":{"line":205,"column":41}},"63":{"start":{"line":206,"column":50},"end":{"line":206,"column":58}},"64":{"start":{"line":208,"column":30},"end":{"line":208,"column":58}},"65":{"start":{"line":210,"column":12},"end":{"line":210,"column":54}},"66":{"start":{"line":210,"column":28},"end":{"line":210,"column":54}},"67":{"start":{"line":213,"column":26},"end":{"line":213,"column":76}},"68":{"start":{"line":214,"column":26},"end":{"line":214,"column":81}},"69":{"start":{"line":216,"column":27},"end":{"line":216,"column":94}},"70":{"start":{"line":218,"column":27},"end":{"line":218,"column":62}},"71":{"start":{"line":220,"column":29},"end":{"line":220,"column":51}},"72":{"start":{"line":231,"column":32},"end":{"line":236,"column":59}},"73":{"start":{"line":238,"column":12},"end":{"line":238,"column":51}},"74":{"start":{"line":243,"column":12},"end":{"line":243,"column":23}},"75":{"start":{"line":249,"column":0},"end":{"line":249,"column":31}}},"fnMap":{"0":{"name":"(anonymous_0)","decl":{"start":{"line":6,"column":4},"end":{"line":6,"column":5}},"loc":{"start":{"line":6,"column":46},"end":{"line":38,"column":5}},"line":6},"1":{"name":"(anonymous_1)","decl":{"start":{"line":40,"column":4},"end":{"line":40,"column":5}},"loc":{"start":{"line":40,"column":44},"end":{"line":57,"column":5}},"line":40},"2":{"name":"(anonymous_2)","decl":{"start":{"line":59,"column":4},"end":{"line":59,"column":5}},"loc":{"start":{"line":59,"column":48},"end":{"line":83,"column":5}},"line":59},"3":{"name":"(anonymous_3)","decl":{"start":{"line":85,"column":4},"end":{"line":85,"column":5}},"loc":{"start":{"line":85,"column":41},"end":{"line":91,"column":5}},"line":85},"4":{"name":"(anonymous_4)","decl":{"start":{"line":93,"column":4},"end":{"line":93,"column":5}},"loc":{"start":{"line":93,"column":49},"end":{"line":120,"column":5}},"line":93},"5":{"name":"fileToGenerativePart","decl":{"start":{"line":98,"column":21},"end":{"line":98,"column":41}},"loc":{"start":{"line":98,"column":58},"end":{"line":105,"column":13}},"line":98},"6":{"name":"(anonymous_6)","decl":{"start":{"line":122,"column":4},"end":{"line":122,"column":5}},"loc":{"start":{"line":122,"column":41},"end":{"line":169,"column":5}},"line":122},"7":{"name":"(anonymous_7)","decl":{"start":{"line":171,"column":4},"end":{"line":171,"column":5}},"loc":{"start":{"line":171,"column":44},"end":{"line":187,"column":5}},"line":171},"8":{"name":"(anonymous_8)","decl":{"start":{"line":189,"column":4},"end":{"line":189,"column":5}},"loc":{"start":{"line":189,"column":48},"end":{"line":200,"column":5}},"line":189},"9":{"name":"(anonymous_9)","decl":{"start":{"line":202,"column":4},"end":{"line":202,"column":5}},"loc":{"start":{"line":202,"column":42},"end":{"line":245,"column":5}},"line":202}},"branchMap":{"0":{"loc":{"start":{"line":129,"column":12},"end":{"line":129,"column":57}},"type":"if","locations":[{"start":{"line":129,"column":12},"end":{"line":129,"column":57}},{"start":{},"end":{}}],"line":129},"1":{"loc":{"start":{"line":177,"column":12},"end":{"line":177,"column":54}},"type":"if","locations":[{"start":{"line":177,"column":12},"end":{"line":177,"column":54}},{"start":{},"end":{}}],"line":177},"2":{"loc":{"start":{"line":194,"column":12},"end":{"line":194,"column":54}},"type":"if","locations":[{"start":{"line":194,"column":12},"end":{"line":194,"column":54}},{"start":{},"end":{}}],"line":194},"3":{"loc":{"start":{"line":210,"column":12},"end":{"line":210,"column":54}},"type":"if","locations":[{"start":{"line":210,"column":12},"end":{"line":210,"column":54}},{"start":{},"end":{}}],"line":210}},"s":{"0":2,"1":2,"2":2,"3":0,"4":0,"5":0,"6":0,"7":0,"8":0,"9":0,"10":0,"11":0,"12":0,"13":0,"14":0,"15":0,"16":0,"17":0,"18":0,"19":0,"20":0,"21":0,"22":0,"23":0,"24":0,"25":0,"26":0,"27":0,"28":0,"29":0,"30":1,"31":1,"32":1,"33":1,"34":1,"35":0,"36":0,"37":0,"38":0,"39":0,"40":0,"41":0,"42":0,"43":0,"44":0,"45":1,"46":1,"47":1,"48":1,"49":1,"50":0,"51":1,"52":1,"53":0,"54":0,"55":0,"56":0,"57":0,"58":0,"59":0,"60":0,"61":3,"62":3,"63":3,"64":3,"65":3,"66":0,"67":3,"68":3,"69":3,"70":3,"71":3,"72":3,"73":1,"74":2,"75":2},"f":{"0":0,"1":0,"2":0,"3":0,"4":0,"5":0,"6":1,"7":1,"8":0,"9":3},"b":{"0":[1,0],"1":[0,1],"2":[0,0],"3":[0,3]},"_coverageSchema":"1a1c01bbd47fc00a2c39e90264f33305004495a9","hash":"e18dcb859aec58b383814e91a74fdcf46332779d"}
,"C:\\Users\\ichsa\\Documents\\Hacktiv8\\Phase2\\individual project\\ip-ichsan2735\\server\\controllers\\userController.js": {"path":"C:\\Users\\ichsa\\Documents\\Hacktiv8\\Phase2\\individual project\\ip-ichsan2735\\server\\controllers\\userController.js","statementMap":{"0":{"start":{"line":1,"column":28},"end":{"line":1,"column":56}},"1":{"start":{"line":2,"column":22},"end":{"line":2,"column":47}},"2":{"start":{"line":3,"column":26},"end":{"line":3,"column":46}},"3":{"start":{"line":4,"column":25},"end":{"line":4,"column":55}},"4":{"start":{"line":8,"column":8},"end":{"line":48,"column":9}},"5":{"start":{"line":9,"column":37},"end":{"line":9,"column":48}},"6":{"start":{"line":10,"column":27},"end":{"line":10,"column":45}},"7":{"start":{"line":11,"column":27},"end":{"line":14,"column":14}},"8":{"start":{"line":15,"column":28},"end":{"line":15,"column":47}},"9":{"start":{"line":16,"column":26},"end":{"line":16,"column":39}},"10":{"start":{"line":17,"column":29},"end":{"line":17,"column":41}},"11":{"start":{"line":19,"column":28},"end":{"line":19,"column":68}},"12":{"start":{"line":22,"column":12},"end":{"line":38,"column":13}},"13":{"start":{"line":23,"column":16},"end":{"line":28,"column":33}},"14":{"start":{"line":30,"column":35},"end":{"line":32,"column":18}},"15":{"start":{"line":35,"column":16},"end":{"line":37,"column":17}},"16":{"start":{"line":36,"column":20},"end":{"line":36,"column":50}},"17":{"start":{"line":40,"column":33},"end":{"line":40,"column":64}},"18":{"start":{"line":42,"column":12},"end":{"line":42,"column":51}},"19":{"start":{"line":47,"column":12},"end":{"line":47,"column":23}},"20":{"start":{"line":52,"column":8},"end":{"line":73,"column":9}},"21":{"start":{"line":53,"column":50},"end":{"line":53,"column":58}},"22":{"start":{"line":54,"column":28},"end":{"line":58,"column":14}},"23":{"start":{"line":62,"column":31},"end":{"line":64,"column":14}},"24":{"start":{"line":66,"column":12},"end":{"line":69,"column":14}},"25":{"start":{"line":72,"column":12},"end":{"line":72,"column":23}},"26":{"start":{"line":77,"column":8},"end":{"line":101,"column":9}},"27":{"start":{"line":78,"column":40},"end":{"line":78,"column":48}},"28":{"start":{"line":80,"column":12},"end":{"line":80,"column":55}},"29":{"start":{"line":80,"column":24},"end":{"line":80,"column":55}},"30":{"start":{"line":81,"column":12},"end":{"line":81,"column":61}},"31":{"start":{"line":81,"column":27},"end":{"line":81,"column":61}},"32":{"start":{"line":83,"column":30},"end":{"line":83,"column":70}},"33":{"start":{"line":85,"column":12},"end":{"line":85,"column":61}},"34":{"start":{"line":85,"column":28},"end":{"line":85,"column":61}},"35":{"start":{"line":87,"column":34},"end":{"line":87,"column":79}},"36":{"start":{"line":89,"column":12},"end":{"line":89,"column":65}},"37":{"start":{"line":89,"column":32},"end":{"line":89,"column":65}},"38":{"start":{"line":91,"column":33},"end":{"line":91,"column":64}},"39":{"start":{"line":93,"column":12},"end":{"line":95,"column":14}},"40":{"start":{"line":100,"column":12},"end":{"line":100,"column":23}},"41":{"start":{"line":106,"column":0},"end":{"line":106,"column":31}}},"fnMap":{"0":{"name":"(anonymous_0)","decl":{"start":{"line":7,"column":4},"end":{"line":7,"column":5}},"loc":{"start":{"line":7,"column":45},"end":{"line":49,"column":5}},"line":7},"1":{"name":"(anonymous_1)","decl":{"start":{"line":51,"column":4},"end":{"line":51,"column":5}},"loc":{"start":{"line":51,"column":42},"end":{"line":74,"column":5}},"line":51},"2":{"name":"(anonymous_2)","decl":{"start":{"line":76,"column":4},"end":{"line":76,"column":5}},"loc":{"start":{"line":76,"column":39},"end":{"line":102,"column":5}},"line":76}},"branchMap":{"0":{"loc":{"start":{"line":22,"column":12},"end":{"line":38,"column":13}},"type":"if","locations":[{"start":{"line":22,"column":12},"end":{"line":38,"column":13}},{"start":{"line":34,"column":19},"end":{"line":38,"column":13}}],"line":22},"1":{"loc":{"start":{"line":35,"column":16},"end":{"line":37,"column":17}},"type":"if","locations":[{"start":{"line":35,"column":16},"end":{"line":37,"column":17}},{"start":{},"end":{}}],"line":35},"2":{"loc":{"start":{"line":80,"column":12},"end":{"line":80,"column":55}},"type":"if","locations":[{"start":{"line":80,"column":12},"end":{"line":80,"column":55}},{"start":{},"end":{}}],"line":80},"3":{"loc":{"start":{"line":81,"column":12},"end":{"line":81,"column":61}},"type":"if","locations":[{"start":{"line":81,"column":12},"end":{"line":81,"column":61}},{"start":{},"end":{}}],"line":81},"4":{"loc":{"start":{"line":85,"column":12},"end":{"line":85,"column":61}},"type":"if","locations":[{"start":{"line":85,"column":12},"end":{"line":85,"column":61}},{"start":{},"end":{}}],"line":85},"5":{"loc":{"start":{"line":89,"column":12},"end":{"line":89,"column":65}},"type":"if","locations":[{"start":{"line":89,"column":12},"end":{"line":89,"column":65}},{"start":{},"end":{}}],"line":89}},"s":{"0":2,"1":2,"2":2,"3":2,"4":0,"5":0,"6":0,"7":0,"8":0,"9":0,"10":0,"11":0,"12":0,"13":0,"14":0,"15":0,"16":0,"17":0,"18":0,"19":0,"20":0,"21":0,"22":0,"23":0,"24":0,"25":0,"26":5,"27":5,"28":5,"29":1,"30":4,"31":1,"32":3,"33":3,"34":1,"35":2,"36":2,"37":1,"38":1,"39":1,"40":4,"41":2},"f":{"0":0,"1":0,"2":5},"b":{"0":[0,0],"1":[0,0],"2":[1,4],"3":[1,3],"4":[1,2],"5":[1,1]},"_coverageSchema":"1a1c01bbd47fc00a2c39e90264f33305004495a9","hash":"c22d19d10ef3d1fe99b8e343cd498b240cabd222"}
,"C:\\Users\\ichsa\\Documents\\Hacktiv8\\Phase2\\individual project\\ip-ichsan2735\\server\\helpers\\bcrypt.js": {"path":"C:\\Users\\ichsa\\Documents\\Hacktiv8\\Phase2\\individual project\\ip-ichsan2735\\server\\helpers\\bcrypt.js","statementMap":{"0":{"start":{"line":1,"column":15},"end":{"line":1,"column":35}},"1":{"start":{"line":4,"column":17},"end":{"line":4,"column":39}},"2":{"start":{"line":5,"column":4},"end":{"line":5,"column":42}},"3":{"start":{"line":9,"column":4},"end":{"line":9,"column":55}},"4":{"start":{"line":12,"column":0},"end":{"line":12,"column":50}}},"fnMap":{"0":{"name":"hashPassword","decl":{"start":{"line":3,"column":9},"end":{"line":3,"column":21}},"loc":{"start":{"line":3,"column":32},"end":{"line":6,"column":1}},"line":3},"1":{"name":"comparePassword","decl":{"start":{"line":8,"column":9},"end":{"line":8,"column":24}},"loc":{"start":{"line":8,"column":51},"end":{"line":10,"column":1}},"line":8}},"branchMap":{},"s":{"0":2,"1":6,"2":6,"3":2,"4":2},"f":{"0":6,"1":2},"b":{},"_coverageSchema":"1a1c01bbd47fc00a2c39e90264f33305004495a9","hash":"d2e7747dd706d95e414b9ce19d04bef718d913f3"}
,"C:\\Users\\ichsa\\Documents\\Hacktiv8\\Phase2\\individual project\\ip-ichsan2735\\server\\helpers\\jwt.js": {"path":"C:\\Users\\ichsa\\Documents\\Hacktiv8\\Phase2\\individual project\\ip-ichsan2735\\server\\helpers\\jwt.js","statementMap":{"0":{"start":{"line":1,"column":12},"end":{"line":1,"column":35}},"1":{"start":{"line":3,"column":15},"end":{"line":3,"column":33}},"2":{"start":{"line":6,"column":4},"end":{"line":6,"column":36}},"3":{"start":{"line":10,"column":4},"end":{"line":10,"column":36}},"4":{"start":{"line":13,"column":0},"end":{"line":13,"column":43}}},"fnMap":{"0":{"name":"signToken","decl":{"start":{"line":5,"column":9},"end":{"line":5,"column":18}},"loc":{"start":{"line":5,"column":28},"end":{"line":7,"column":1}},"line":5},"1":{"name":"verifyToken","decl":{"start":{"line":9,"column":9},"end":{"line":9,"column":20}},"loc":{"start":{"line":9,"column":28},"end":{"line":11,"column":1}},"line":9}},"branchMap":{},"s":{"0":2,"1":2,"2":3,"3":12,"4":2},"f":{"0":3,"1":12},"b":{},"_coverageSchema":"1a1c01bbd47fc00a2c39e90264f33305004495a9","hash":"51f68cdd15ee73a364430dc0c1bdfc4a2f83c563"}
,"C:\\Users\\ichsa\\Documents\\Hacktiv8\\Phase2\\individual project\\ip-ichsan2735\\server\\middlewares\\authentication.js": {"path":"C:\\Users\\ichsa\\Documents\\Hacktiv8\\Phase2\\individual project\\ip-ichsan2735\\server\\middlewares\\authentication.js","statementMap":{"0":{"start":{"line":1,"column":24},"end":{"line":1,"column":49}},"1":{"start":{"line":2,"column":17},"end":{"line":2,"column":37}},"2":{"start":{"line":5,"column":4},"end":{"line":22,"column":5}},"3":{"start":{"line":6,"column":28},"end":{"line":6,"column":53}},"4":{"start":{"line":8,"column":8},"end":{"line":8,"column":56}},"5":{"start":{"line":8,"column":26},"end":{"line":8,"column":56}},"6":{"start":{"line":10,"column":22},"end":{"line":10,"column":47}},"7":{"start":{"line":11,"column":24},"end":{"line":11,"column":42}},"8":{"start":{"line":12,"column":21},"end":{"line":12,"column":52}},"9":{"start":{"line":14,"column":8},"end":{"line":14,"column":49}},"10":{"start":{"line":14,"column":19},"end":{"line":14,"column":49}},"11":{"start":{"line":16,"column":8},"end":{"line":16,"column":34}},"12":{"start":{"line":18,"column":8},"end":{"line":18,"column":14}},"13":{"start":{"line":21,"column":8},"end":{"line":21,"column":19}},"14":{"start":{"line":25,"column":0},"end":{"line":25,"column":31}}},"fnMap":{"0":{"name":"authentication","decl":{"start":{"line":4,"column":15},"end":{"line":4,"column":29}},"loc":{"start":{"line":4,"column":46},"end":{"line":23,"column":1}},"line":4}},"branchMap":{"0":{"loc":{"start":{"line":8,"column":8},"end":{"line":8,"column":56}},"type":"if","locations":[{"start":{"line":8,"column":8},"end":{"line":8,"column":56}},{"start":{},"end":{}}],"line":8},"1":{"loc":{"start":{"line":14,"column":8},"end":{"line":14,"column":49}},"type":"if","locations":[{"start":{"line":14,"column":8},"end":{"line":14,"column":49}},{"start":{},"end":{}}],"line":14}},"s":{"0":2,"1":2,"2":15,"3":15,"4":15,"5":3,"6":12,"7":12,"8":9,"9":9,"10":0,"11":9,"12":9,"13":6,"14":2},"f":{"0":15},"b":{"0":[3,12],"1":[0,9]},"_coverageSchema":"1a1c01bbd47fc00a2c39e90264f33305004495a9","hash":"e550c540310ed648254cfb1b3b631402f7abde95"}
,"C:\\Users\\ichsa\\Documents\\Hacktiv8\\Phase2\\individual project\\ip-ichsan2735\\server\\middlewares\\authorization.js": {"path":"C:\\Users\\ichsa\\Documents\\Hacktiv8\\Phase2\\individual project\\ip-ichsan2735\\server\\middlewares\\authorization.js","statementMap":{"0":{"start":{"line":1,"column":17},"end":{"line":1,"column":37}},"1":{"start":{"line":3,"column":0},"end":{"line":3,"column":30}},"2":{"start":{"line":5,"column":4},"end":{"line":22,"column":5}},"3":{"start":{"line":6,"column":27},"end":{"line":6,"column":37}},"4":{"start":{"line":7,"column":26},"end":{"line":7,"column":54}},"5":{"start":{"line":9,"column":8},"end":{"line":9,"column":50}},"6":{"start":{"line":9,"column":24},"end":{"line":9,"column":50}},"7":{"start":{"line":13,"column":8},"end":{"line":15,"column":9}},"8":{"start":{"line":14,"column":12},"end":{"line":14,"column":39}},"9":{"start":{"line":17,"column":8},"end":{"line":17,"column":14}},"10":{"start":{"line":20,"column":8},"end":{"line":20,"column":19}},"11":{"start":{"line":25,"column":0},"end":{"line":25,"column":30}}},"fnMap":{"0":{"name":"authorization","decl":{"start":{"line":4,"column":15},"end":{"line":4,"column":28}},"loc":{"start":{"line":4,"column":45},"end":{"line":23,"column":1}},"line":4}},"branchMap":{"0":{"loc":{"start":{"line":9,"column":8},"end":{"line":9,"column":50}},"type":"if","locations":[{"start":{"line":9,"column":8},"end":{"line":9,"column":50}},{"start":{},"end":{}}],"line":9},"1":{"loc":{"start":{"line":13,"column":8},"end":{"line":15,"column":9}},"type":"if","locations":[{"start":{"line":13,"column":8},"end":{"line":15,"column":9}},{"start":{},"end":{}}],"line":13}},"s":{"0":2,"1":2,"2":8,"3":8,"4":8,"5":8,"6":2,"7":6,"8":2,"9":4,"10":4,"11":2},"f":{"0":8},"b":{"0":[2,6],"1":[2,4]},"_coverageSchema":"1a1c01bbd47fc00a2c39e90264f33305004495a9","hash":"d475d71cae5ff6077e6e3697a055c5e380ed698e"}
,"C:\\Users\\ichsa\\Documents\\Hacktiv8\\Phase2\\individual project\\ip-ichsan2735\\server\\middlewares\\errorHandler.js": {"path":"C:\\Users\\ichsa\\Documents\\Hacktiv8\\Phase2\\individual project\\ip-ichsan2735\\server\\middlewares\\errorHandler.js","statementMap":{"0":{"start":{"line":2,"column":17},"end":{"line":2,"column":20}},"1":{"start":{"line":3,"column":18},"end":{"line":3,"column":41}},"2":{"start":{"line":5,"column":4},"end":{"line":41,"column":5}},"3":{"start":{"line":6,"column":8},"end":{"line":6,"column":20}},"4":{"start":{"line":7,"column":8},"end":{"line":7,"column":41}},"5":{"start":{"line":9,"column":11},"end":{"line":41,"column":5}},"6":{"start":{"line":10,"column":8},"end":{"line":10,"column":20}},"7":{"start":{"line":11,"column":8},"end":{"line":11,"column":37}},"8":{"start":{"line":13,"column":11},"end":{"line":41,"column":5}},"9":{"start":{"line":14,"column":8},"end":{"line":14,"column":20}},"10":{"start":{"line":15,"column":8},"end":{"line":15,"column":37}},"11":{"start":{"line":17,"column":11},"end":{"line":41,"column":5}},"12":{"start":{"line":18,"column":8},"end":{"line":18,"column":20}},"13":{"start":{"line":19,"column":8},"end":{"line":19,"column":40}},"14":{"start":{"line":21,"column":11},"end":{"line":41,"column":5}},"15":{"start":{"line":22,"column":8},"end":{"line":22,"column":20}},"16":{"start":{"line":23,"column":8},"end":{"line":23,"column":47}},"17":{"start":{"line":25,"column":11},"end":{"line":41,"column":5}},"18":{"start":{"line":26,"column":8},"end":{"line":26,"column":20}},"19":{"start":{"line":27,"column":8},"end":{"line":27,"column":33}},"20":{"start":{"line":29,"column":11},"end":{"line":41,"column":5}},"21":{"start":{"line":30,"column":8},"end":{"line":30,"column":20}},"22":{"start":{"line":31,"column":8},"end":{"line":31,"column":54}},"23":{"start":{"line":33,"column":11},"end":{"line":41,"column":5}},"24":{"start":{"line":34,"column":8},"end":{"line":34,"column":20}},"25":{"start":{"line":35,"column":8},"end":{"line":35,"column":42}},"26":{"start":{"line":37,"column":11},"end":{"line":41,"column":5}},"27":{"start":{"line":38,"column":8},"end":{"line":38,"column":20}},"28":{"start":{"line":39,"column":8},"end":{"line":39,"column":35}},"29":{"start":{"line":43,"column":4},"end":{"line":45,"column":6}},"30":{"start":{"line":48,"column":0},"end":{"line":48,"column":29}}},"fnMap":{"0":{"name":"errorHandler","decl":{"start":{"line":1,"column":9},"end":{"line":1,"column":21}},"loc":{"start":{"line":1,"column":45},"end":{"line":46,"column":1}},"line":1}},"branchMap":{"0":{"loc":{"start":{"line":5,"column":4},"end":{"line":41,"column":5}},"type":"if","locations":[{"start":{"line":5,"column":4},"end":{"line":41,"column":5}},{"start":{"line":9,"column":11},"end":{"line":41,"column":5}}],"line":5},"1":{"loc":{"start":{"line":5,"column":8},"end":{"line":5,"column":100}},"type":"binary-expr","locations":[{"start":{"line":5,"column":8},"end":{"line":5,"column":49}},{"start":{"line":5,"column":53},"end":{"line":5,"column":100}}],"line":5},"2":{"loc":{"start":{"line":9,"column":11},"end":{"line":41,"column":5}},"type":"if","locations":[{"start":{"line":9,"column":11},"end":{"line":41,"column":5}},{"start":{"line":13,"column":11},"end":{"line":41,"column":5}}],"line":9},"3":{"loc":{"start":{"line":13,"column":11},"end":{"line":41,"column":5}},"type":"if","locations":[{"start":{"line":13,"column":11},"end":{"line":41,"column":5}},{"start":{"line":17,"column":11},"end":{"line":41,"column":5}}],"line":13},"4":{"loc":{"start":{"line":17,"column":11},"end":{"line":41,"column":5}},"type":"if","locations":[{"start":{"line":17,"column":11},"end":{"line":41,"column":5}},{"start":{"line":21,"column":11},"end":{"line":41,"column":5}}],"line":17},"5":{"loc":{"start":{"line":21,"column":11},"end":{"line":41,"column":5}},"type":"if","locations":[{"start":{"line":21,"column":11},"end":{"line":41,"column":5}},{"start":{"line":25,"column":11},"end":{"line":41,"column":5}}],"line":21},"6":{"loc":{"start":{"line":25,"column":11},"end":{"line":41,"column":5}},"type":"if","locations":[{"start":{"line":25,"column":11},"end":{"line":41,"column":5}},{"start":{"line":29,"column":11},"end":{"line":41,"column":5}}],"line":25},"7":{"loc":{"start":{"line":25,"column":15},"end":{"line":25,"column":82}},"type":"binary-expr","locations":[{"start":{"line":25,"column":15},"end":{"line":25,"column":44}},{"start":{"line":25,"column":48},"end":{"line":25,"column":82}}],"line":25},"8":{"loc":{"start":{"line":29,"column":11},"end":{"line":41,"column":5}},"type":"if","locations":[{"start":{"line":29,"column":11},"end":{"line":41,"column":5}},{"start":{"line":33,"column":11},"end":{"line":41,"column":5}}],"line":29},"9":{"loc":{"start":{"line":33,"column":11},"end":{"line":41,"column":5}},"type":"if","locations":[{"start":{"line":33,"column":11},"end":{"line":41,"column":5}},{"start":{"line":37,"column":11},"end":{"line":41,"column":5}}],"line":33},"10":{"loc":{"start":{"line":37,"column":11},"end":{"line":41,"column":5}},"type":"if","locations":[{"start":{"line":37,"column":11},"end":{"line":41,"column":5}},{"start":{},"end":{}}],"line":37}},"s":{"0":17,"1":17,"2":17,"3":2,"4":2,"5":15,"6":1,"7":1,"8":14,"9":1,"10":1,"11":13,"12":1,"13":1,"14":12,"15":2,"16":2,"17":10,"18":6,"19":6,"20":4,"21":0,"22":0,"23":4,"24":2,"25":2,"26":2,"27":2,"28":2,"29":17,"30":2},"f":{"0":17},"b":{"0":[2,15],"1":[17,15],"2":[1,14],"3":[1,13],"4":[1,12],"5":[2,10],"6":[6,4],"7":[10,7],"8":[0,4],"9":[2,2],"10":[2,0]},"_coverageSchema":"1a1c01bbd47fc00a2c39e90264f33305004495a9","hash":"8c2bce8657361c5080fd0d264fed3603db13030a"}
,"C:\\Users\\ichsa\\Documents\\Hacktiv8\\Phase2\\individual project\\ip-ichsan2735\\server\\middlewares\\multer.js": {"path":"C:\\Users\\ichsa\\Documents\\Hacktiv8\\Phase2\\individual project\\ip-ichsan2735\\server\\middlewares\\multer.js","statementMap":{"0":{"start":{"line":1,"column":15},"end":{"line":1,"column":32}},"1":{"start":{"line":2,"column":16},"end":{"line":2,"column":38}},"2":{"start":{"line":3,"column":15},"end":{"line":3,"column":43}},"3":{"start":{"line":5,"column":0},"end":{"line":5,"column":23}}},"fnMap":{},"branchMap":{},"s":{"0":2,"1":2,"2":2,"3":2},"f":{},"b":{},"_coverageSchema":"1a1c01bbd47fc00a2c39e90264f33305004495a9","hash":"df4257f5e8749fd1fd880efca93a394becedde44"}
,"C:\\Users\\ichsa\\Documents\\Hacktiv8\\Phase2\\individual project\\ip-ichsan2735\\server\\models\\comment.js": {"path":"C:\\Users\\ichsa\\Documents\\Hacktiv8\\Phase2\\individual project\\ip-ichsan2735\\server\\models\\comment.js","statementMap":{"0":{"start":{"line":4,"column":4},"end":{"line":4,"column":24}},"1":{"start":{"line":5,"column":0},"end":{"line":59,"column":2}},"2":{"start":{"line":13,"column":6},"end":{"line":13,"column":36}},"3":{"start":{"line":14,"column":6},"end":{"line":14,"column":36}},"4":{"start":{"line":17,"column":2},"end":{"line":57,"column":5}},"5":{"start":{"line":58,"column":2},"end":{"line":58,"column":17}}},"fnMap":{"0":{"name":"(anonymous_0)","decl":{"start":{"line":5,"column":17},"end":{"line":5,"column":18}},"loc":{"start":{"line":5,"column":43},"end":{"line":59,"column":1}},"line":5},"1":{"name":"(anonymous_1)","decl":{"start":{"line":12,"column":4},"end":{"line":12,"column":5}},"loc":{"start":{"line":12,"column":29},"end":{"line":15,"column":5}},"line":12}},"branchMap":{},"s":{"0":2,"1":2,"2":2,"3":2,"4":2,"5":2},"f":{"0":2,"1":2},"b":{},"_coverageSchema":"1a1c01bbd47fc00a2c39e90264f33305004495a9","hash":"2c97b30afc53aefa1d63d3f1b67895d439993d63"}
,"C:\\Users\\ichsa\\Documents\\Hacktiv8\\Phase2\\individual project\\ip-ichsan2735\\server\\models\\follower.js": {"path":"C:\\Users\\ichsa\\Documents\\Hacktiv8\\Phase2\\individual project\\ip-ichsan2735\\server\\models\\follower.js","statementMap":{"0":{"start":{"line":4,"column":4},"end":{"line":4,"column":24}},"1":{"start":{"line":5,"column":0},"end":{"line":47,"column":2}},"2":{"start":{"line":13,"column":6},"end":{"line":13,"column":66}},"3":{"start":{"line":14,"column":6},"end":{"line":14,"column":66}},"4":{"start":{"line":17,"column":2},"end":{"line":45,"column":5}},"5":{"start":{"line":46,"column":2},"end":{"line":46,"column":18}}},"fnMap":{"0":{"name":"(anonymous_0)","decl":{"start":{"line":5,"column":17},"end":{"line":5,"column":18}},"loc":{"start":{"line":5,"column":43},"end":{"line":47,"column":1}},"line":5},"1":{"name":"(anonymous_1)","decl":{"start":{"line":12,"column":4},"end":{"line":12,"column":5}},"loc":{"start":{"line":12,"column":29},"end":{"line":15,"column":5}},"line":12}},"branchMap":{},"s":{"0":2,"1":2,"2":2,"3":2,"4":2,"5":2},"f":{"0":2,"1":2},"b":{},"_coverageSchema":"1a1c01bbd47fc00a2c39e90264f33305004495a9","hash":"f639ad1258b20a50a1def90755bbceeed00a88d3"}
,"C:\\Users\\ichsa\\Documents\\Hacktiv8\\Phase2\\individual project\\ip-ichsan2735\\server\\models\\index.js": {"path":"C:\\Users\\ichsa\\Documents\\Hacktiv8\\Phase2\\individual project\\ip-ichsan2735\\server\\models\\index.js","statementMap":{"0":{"start":{"line":3,"column":11},"end":{"line":3,"column":24}},"1":{"start":{"line":4,"column":13},"end":{"line":4,"column":28}},"2":{"start":{"line":5,"column":18},"end":{"line":5,"column":38}},"3":{"start":{"line":6,"column":16},"end":{"line":6,"column":34}},"4":{"start":{"line":7,"column":17},"end":{"line":7,"column":42}},"5":{"start":{"line":8,"column":12},"end":{"line":8,"column":49}},"6":{"start":{"line":9,"column":15},"end":{"line":9,"column":65}},"7":{"start":{"line":10,"column":11},"end":{"line":10,"column":13}},"8":{"start":{"line":13,"column":0},"end":{"line":17,"column":1}},"9":{"start":{"line":14,"column":2},"end":{"line":14,"column":74}},"10":{"start":{"line":16,"column":2},"end":{"line":16,"column":87}},"11":{"start":{"line":19,"column":0},"end":{"line":32,"column":5}},"12":{"start":{"line":22,"column":4},"end":{"line":27,"column":6}},"13":{"start":{"line":30,"column":18},"end":{"line":30,"column":85}},"14":{"start":{"line":31,"column":4},"end":{"line":31,"column":27}},"15":{"start":{"line":34,"column":0},"end":{"line":38,"column":3}},"16":{"start":{"line":35,"column":2},"end":{"line":37,"column":3}},"17":{"start":{"line":36,"column":4},"end":{"line":36,"column":32}},"18":{"start":{"line":40,"column":0},"end":{"line":40,"column":25}},"19":{"start":{"line":41,"column":0},"end":{"line":41,"column":25}},"20":{"start":{"line":43,"column":0},"end":{"line":43,"column":20}}},"fnMap":{"0":{"name":"(anonymous_0)","decl":{"start":{"line":21,"column":10},"end":{"line":21,"column":11}},"loc":{"start":{"line":21,"column":18},"end":{"line":28,"column":3}},"line":21},"1":{"name":"(anonymous_1)","decl":{"start":{"line":29,"column":11},"end":{"line":29,"column":12}},"loc":{"start":{"line":29,"column":19},"end":{"line":32,"column":3}},"line":29},"2":{"name":"(anonymous_2)","decl":{"start":{"line":34,"column":24},"end":{"line":34,"column":25}},"loc":{"start":{"line":34,"column":37},"end":{"line":38,"column":1}},"line":34}},"branchMap":{"0":{"loc":{"start":{"line":8,"column":12},"end":{"line":8,"column":49}},"type":"binary-expr","locations":[{"start":{"line":8,"column":12},"end":{"line":8,"column":32}},{"start":{"line":8,"column":36},"end":{"line":8,"column":49}}],"line":8},"1":{"loc":{"start":{"line":13,"column":0},"end":{"line":17,"column":1}},"type":"if","locations":[{"start":{"line":13,"column":0},"end":{"line":17,"column":1}},{"start":{"line":15,"column":7},"end":{"line":17,"column":1}}],"line":13},"2":{"loc":{"start":{"line":23,"column":6},"end":{"line":26,"column":37}},"type":"binary-expr","locations":[{"start":{"line":23,"column":6},"end":{"line":23,"column":29}},{"start":{"line":24,"column":6},"end":{"line":24,"column":23}},{"start":{"line":25,"column":6},"end":{"line":25,"column":30}},{"start":{"line":26,"column":6},"end":{"line":26,"column":37}}],"line":23},"3":{"loc":{"start":{"line":35,"column":2},"end":{"line":37,"column":3}},"type":"if","locations":[{"start":{"line":35,"column":2},"end":{"line":37,"column":3}},{"start":{},"end":{}}],"line":35}},"s":{"0":2,"1":2,"2":2,"3":2,"4":2,"5":2,"6":2,"7":2,"8":2,"9":0,"10":2,"11":2,"12":12,"13":10,"14":10,"15":2,"16":10,"17":10,"18":2,"19":2,"20":2},"f":{"0":12,"1":10,"2":10},"b":{"0":[2,0],"1":[0,2],"2":[12,12,10,10],"3":[10,0]},"_coverageSchema":"1a1c01bbd47fc00a2c39e90264f33305004495a9","hash":"c97d2f1598405b62a98cd852c8a733596014933f"}
,"C:\\Users\\ichsa\\Documents\\Hacktiv8\\Phase2\\individual project\\ip-ichsan2735\\server\\models\\post.js": {"path":"C:\\Users\\ichsa\\Documents\\Hacktiv8\\Phase2\\individual project\\ip-ichsan2735\\server\\models\\post.js","statementMap":{"0":{"start":{"line":4,"column":4},"end":{"line":4,"column":24}},"1":{"start":{"line":5,"column":0},"end":{"line":87,"column":2}},"2":{"start":{"line":13,"column":6},"end":{"line":13,"column":33}},"3":{"start":{"line":14,"column":6},"end":{"line":14,"column":34}},"4":{"start":{"line":17,"column":2},"end":{"line":85,"column":5}},"5":{"start":{"line":86,"column":2},"end":{"line":86,"column":14}}},"fnMap":{"0":{"name":"(anonymous_0)","decl":{"start":{"line":5,"column":17},"end":{"line":5,"column":18}},"loc":{"start":{"line":5,"column":43},"end":{"line":87,"column":1}},"line":5},"1":{"name":"(anonymous_1)","decl":{"start":{"line":12,"column":4},"end":{"line":12,"column":5}},"loc":{"start":{"line":12,"column":29},"end":{"line":15,"column":5}},"line":12}},"branchMap":{},"s":{"0":2,"1":2,"2":2,"3":2,"4":2,"5":2},"f":{"0":2,"1":2},"b":{},"_coverageSchema":"1a1c01bbd47fc00a2c39e90264f33305004495a9","hash":"5e2c5c13fcbc7d707fe0878295a84ea99171ff0d"}
,"C:\\Users\\ichsa\\Documents\\Hacktiv8\\Phase2\\individual project\\ip-ichsan2735\\server\\models\\profile.js": {"path":"C:\\Users\\ichsa\\Documents\\Hacktiv8\\Phase2\\individual project\\ip-ichsan2735\\server\\models\\profile.js","statementMap":{"0":{"start":{"line":4,"column":4},"end":{"line":4,"column":24}},"1":{"start":{"line":5,"column":0},"end":{"line":51,"column":2}},"2":{"start":{"line":13,"column":6},"end":{"line":13,"column":36}},"3":{"start":{"line":16,"column":2},"end":{"line":49,"column":5}},"4":{"start":{"line":50,"column":2},"end":{"line":50,"column":17}}},"fnMap":{"0":{"name":"(anonymous_0)","decl":{"start":{"line":5,"column":17},"end":{"line":5,"column":18}},"loc":{"start":{"line":5,"column":43},"end":{"line":51,"column":1}},"line":5},"1":{"name":"(anonymous_1)","decl":{"start":{"line":12,"column":4},"end":{"line":12,"column":5}},"loc":{"start":{"line":12,"column":29},"end":{"line":14,"column":5}},"line":12}},"branchMap":{},"s":{"0":2,"1":2,"2":2,"3":2,"4":2},"f":{"0":2,"1":2},"b":{},"_coverageSchema":"1a1c01bbd47fc00a2c39e90264f33305004495a9","hash":"8f48e006dcefcfa0d99579ac3844b6ea0a56e533"}
,"C:\\Users\\ichsa\\Documents\\Hacktiv8\\Phase2\\individual project\\ip-ichsan2735\\server\\models\\user.js": {"path":"C:\\Users\\ichsa\\Documents\\Hacktiv8\\Phase2\\individual project\\ip-ichsan2735\\server\\models\\user.js","statementMap":{"0":{"start":{"line":4,"column":4},"end":{"line":4,"column":24}},"1":{"start":{"line":5,"column":25},"end":{"line":5,"column":53}},"2":{"start":{"line":6,"column":0},"end":{"line":78,"column":2}},"3":{"start":{"line":14,"column":6},"end":{"line":14,"column":34}},"4":{"start":{"line":15,"column":6},"end":{"line":15,"column":31}},"5":{"start":{"line":16,"column":6},"end":{"line":16,"column":64}},"6":{"start":{"line":17,"column":6},"end":{"line":17,"column":64}},"7":{"start":{"line":18,"column":6},"end":{"line":18,"column":33}},"8":{"start":{"line":21,"column":2},"end":{"line":76,"column":5}},"9":{"start":{"line":73,"column":8},"end":{"line":73,"column":59}},"10":{"start":{"line":77,"column":2},"end":{"line":77,"column":14}}},"fnMap":{"0":{"name":"(anonymous_0)","decl":{"start":{"line":6,"column":17},"end":{"line":6,"column":18}},"loc":{"start":{"line":6,"column":43},"end":{"line":78,"column":1}},"line":6},"1":{"name":"(anonymous_1)","decl":{"start":{"line":13,"column":4},"end":{"line":13,"column":5}},"loc":{"start":{"line":13,"column":29},"end":{"line":19,"column":5}},"line":13},"2":{"name":"(anonymous_2)","decl":{"start":{"line":72,"column":6},"end":{"line":72,"column":7}},"loc":{"start":{"line":72,"column":37},"end":{"line":74,"column":7}},"line":72}},"branchMap":{},"s":{"0":2,"1":2,"2":2,"3":2,"4":2,"5":2,"6":2,"7":2,"8":2,"9":0,"10":2},"f":{"0":2,"1":2,"2":0},"b":{},"_coverageSchema":"1a1c01bbd47fc00a2c39e90264f33305004495a9","hash":"27b79896ee8bcdce3b6b9698437255807b45bd41"}
,"C:\\Users\\ichsa\\Documents\\Hacktiv8\\Phase2\\individual project\\ip-ichsan2735\\server\\routers\\index.js": {"path":"C:\\Users\\ichsa\\Documents\\Hacktiv8\\Phase2\\individual project\\ip-ichsan2735\\server\\routers\\index.js","statementMap":{"0":{"start":{"line":1,"column":16},"end":{"line":1,"column":34}},"1":{"start":{"line":2,"column":18},"end":{"line":2,"column":41}},"2":{"start":{"line":3,"column":18},"end":{"line":3,"column":41}},"3":{"start":{"line":4,"column":23},"end":{"line":4,"column":63}},"4":{"start":{"line":5,"column":23},"end":{"line":5,"column":63}},"5":{"start":{"line":6,"column":15},"end":{"line":6,"column":31}},"6":{"start":{"line":8,"column":0},"end":{"line":8,"column":49}},"7":{"start":{"line":9,"column":0},"end":{"line":9,"column":43}},"8":{"start":{"line":10,"column":0},"end":{"line":10,"column":56}},"9":{"start":{"line":12,"column":0},"end":{"line":12,"column":26}},"10":{"start":{"line":14,"column":0},"end":{"line":14,"column":30}},"11":{"start":{"line":15,"column":0},"end":{"line":15,"column":30}},"12":{"start":{"line":17,"column":0},"end":{"line":17,"column":23}}},"fnMap":{},"branchMap":{},"s":{"0":2,"1":2,"2":2,"3":2,"4":2,"5":2,"6":2,"7":2,"8":2,"9":2,"10":2,"11":2,"12":2},"f":{},"b":{},"_coverageSchema":"1a1c01bbd47fc00a2c39e90264f33305004495a9","hash":"2fbba6524184e6db4b9e3bd246f5900c576aaab6"}
,"C:\\Users\\ichsa\\Documents\\Hacktiv8\\Phase2\\individual project\\ip-ichsan2735\\server\\routers\\postRoutes.js": {"path":"C:\\Users\\ichsa\\Documents\\Hacktiv8\\Phase2\\individual project\\ip-ichsan2735\\server\\routers\\postRoutes.js","statementMap":{"0":{"start":{"line":1,"column":16},"end":{"line":1,"column":34}},"1":{"start":{"line":2,"column":23},"end":{"line":2,"column":63}},"2":{"start":{"line":3,"column":15},"end":{"line":3,"column":47}},"3":{"start":{"line":4,"column":22},"end":{"line":4,"column":61}},"4":{"start":{"line":5,"column":18},"end":{"line":5,"column":34}},"5":{"start":{"line":7,"column":0},"end":{"line":7,"column":47}},"6":{"start":{"line":8,"column":0},"end":{"line":8,"column":70}},"7":{"start":{"line":10,"column":0},"end":{"line":10,"column":85}},"8":{"start":{"line":12,"column":0},"end":{"line":12,"column":56}},"9":{"start":{"line":13,"column":0},"end":{"line":13,"column":65}},"10":{"start":{"line":14,"column":0},"end":{"line":14,"column":70}},"11":{"start":{"line":16,"column":0},"end":{"line":16,"column":64}},"12":{"start":{"line":17,"column":0},"end":{"line":17,"column":61}},"13":{"start":{"line":18,"column":0},"end":{"line":18,"column":54}},"14":{"start":{"line":20,"column":0},"end":{"line":20,"column":26}}},"fnMap":{},"branchMap":{},"s":{"0":2,"1":2,"2":2,"3":2,"4":2,"5":2,"6":2,"7":2,"8":2,"9":2,"10":2,"11":2,"12":2,"13":2,"14":2},"f":{},"b":{},"_coverageSchema":"1a1c01bbd47fc00a2c39e90264f33305004495a9","hash":"83d9b59c9d2f7265ff66860070ffff459b02e188"}
,"C:\\Users\\ichsa\\Documents\\Hacktiv8\\Phase2\\individual project\\ip-ichsan2735\\server\\routers\\userRoutes.js": {"path":"C:\\Users\\ichsa\\Documents\\Hacktiv8\\Phase2\\individual project\\ip-ichsan2735\\server\\routers\\userRoutes.js","statementMap":{"0":{"start":{"line":1,"column":16},"end":{"line":1,"column":34}},"1":{"start":{"line":2,"column":18},"end":{"line":2,"column":34}},"2":{"start":{"line":4,"column":0},"end":{"line":6,"column":2}},"3":{"start":{"line":5,"column":4},"end":{"line":5,"column":20}},"4":{"start":{"line":8,"column":0},"end":{"line":8,"column":26}}},"fnMap":{"0":{"name":"(anonymous_0)","decl":{"start":{"line":4,"column":19},"end":{"line":4,"column":20}},"loc":{"start":{"line":4,"column":33},"end":{"line":6,"column":1}},"line":4}},"branchMap":{},"s":{"0":2,"1":2,"2":2,"3":0,"4":2},"f":{"0":0},"b":{},"_coverageSchema":"1a1c01bbd47fc00a2c39e90264f33305004495a9","hash":"b0549ba54dc678c5b89b33367f1fbf4409eae871"}
}
