TN:
SF:app.js
FN:15,(anonymous_0)
FNF:1
FNH:0
FNDA:0,(anonymous_0)
DA:1,2
DA:2,2
DA:5,2
DA:6,2
DA:7,2
DA:8,2
DA:9,2
DA:11,2
DA:12,2
DA:13,2
DA:15,2
DA:16,0
DA:19,2
DA:20,2
DA:22,2
LF:15
LH:14
BRDA:1,0,0,2
BRDA:1,0,1,0
BRF:2
BRH:1
end_of_record
TN:
SF:controllers\postController.js
FN:6,(anonymous_0)
FN:40,(anonymous_1)
FN:59,(anonymous_2)
FN:85,(anonymous_3)
FN:93,(anonymous_4)
FN:98,fileToGenerativePart
FN:122,(anonymous_6)
FN:171,(anonymous_7)
FN:189,(anonymous_8)
FN:202,(anonymous_9)
FNF:10
FNH:3
FNDA:0,(anonymous_0)
FNDA:0,(anonymous_1)
FNDA:0,(anonymous_2)
FNDA:0,(anonymous_3)
FNDA:0,(anonymous_4)
FNDA:0,fileToGenerativePart
FNDA:1,(anonymous_6)
FNDA:1,(anonymous_7)
FNDA:0,(anonymous_8)
FNDA:3,(anonymous_9)
DA:1,2
DA:2,2
DA:3,2
DA:7,0
DA:8,0
DA:33,0
DA:36,0
DA:41,0
DA:42,0
DA:43,0
DA:44,0
DA:46,0
DA:52,0
DA:55,0
DA:60,0
DA:61,0
DA:63,0
DA:78,0
DA:81,0
DA:86,0
DA:89,0
DA:94,0
DA:95,0
DA:96,0
DA:99,0
DA:107,0
DA:108,0
DA:110,0
DA:113,0
DA:118,0
DA:123,1
DA:126,1
DA:127,1
DA:129,1
DA:131,0
DA:132,0
DA:134,0
DA:136,0
DA:140,0
DA:145,0
DA:150,0
DA:152,0
DA:154,0
DA:162,0
DA:167,1
DA:172,1
DA:174,1
DA:175,1
DA:177,1
DA:179,1
DA:181,1
DA:185,0
DA:190,0
DA:191,0
DA:192,0
DA:194,0
DA:196,0
DA:198,0
DA:203,3
DA:205,3
DA:206,3
DA:208,3
DA:210,3
DA:213,3
DA:214,3
DA:216,3
DA:218,3
DA:220,3
DA:231,3
DA:238,1
DA:243,2
DA:249,2
LF:72
LH:28
BRDA:129,0,0,1
BRDA:129,0,1,0
BRDA:177,1,0,0
BRDA:177,1,1,1
BRDA:194,2,0,0
BRDA:194,2,1,0
BRDA:210,3,0,0
BRDA:210,3,1,3
BRF:8
BRH:3
end_of_record
TN:
SF:controllers\userController.js
FN:7,(anonymous_0)
FN:51,(anonymous_1)
FN:76,(anonymous_2)
FNF:3
FNH:1
FNDA:0,(anonymous_0)
FNDA:0,(anonymous_1)
FNDA:5,(anonymous_2)
DA:1,2
DA:2,2
DA:3,2
DA:4,2
DA:8,0
DA:9,0
DA:10,0
DA:11,0
DA:15,0
DA:16,0
DA:17,0
DA:19,0
DA:22,0
DA:23,0
DA:30,0
DA:35,0
DA:36,0
DA:40,0
DA:42,0
DA:47,0
DA:52,0
DA:53,0
DA:54,0
DA:62,0
DA:66,0
DA:72,0
DA:77,5
DA:78,5
DA:80,5
DA:81,4
DA:83,3
DA:85,3
DA:87,2
DA:89,2
DA:91,1
DA:93,1
DA:100,4
DA:106,2
LF:38
LH:16
BRDA:22,0,0,0
BRDA:22,0,1,0
BRDA:35,1,0,0
BRDA:35,1,1,0
BRDA:80,2,0,1
BRDA:80,2,1,4
BRDA:81,3,0,1
BRDA:81,3,1,3
BRDA:85,4,0,1
BRDA:85,4,1,2
BRDA:89,5,0,1
BRDA:89,5,1,1
BRF:12
BRH:8
end_of_record
TN:
SF:helpers\bcrypt.js
FN:3,hashPassword
FN:8,comparePassword
FNF:2
FNH:2
FNDA:6,hashPassword
FNDA:2,comparePassword
DA:1,2
DA:4,6
DA:5,6
DA:9,2
DA:12,2
LF:5
LH:5
BRF:0
BRH:0
end_of_record
TN:
SF:helpers\jwt.js
FN:5,signToken
FN:9,verifyToken
FNF:2
FNH:2
FNDA:3,signToken
FNDA:12,verifyToken
DA:1,2
DA:3,2
DA:6,3
DA:10,12
DA:13,2
LF:5
LH:5
BRF:0
BRH:0
end_of_record
TN:
SF:middlewares\authentication.js
FN:4,authentication
FNF:1
FNH:1
FNDA:15,authentication
DA:1,2
DA:2,2
DA:5,15
DA:6,15
DA:8,15
DA:10,12
DA:11,12
DA:12,9
DA:14,9
DA:16,9
DA:18,9
DA:21,6
DA:25,2
LF:13
LH:13
BRDA:8,0,0,3
BRDA:8,0,1,12
BRDA:14,1,0,0
BRDA:14,1,1,9
BRF:4
BRH:3
end_of_record
TN:
SF:middlewares\authorization.js
FN:4,authorization
FNF:1
FNH:1
FNDA:8,authorization
DA:1,2
DA:3,2
DA:5,8
DA:6,8
DA:7,8
DA:9,8
DA:13,6
DA:14,2
DA:17,4
DA:20,4
DA:25,2
LF:11
LH:11
BRDA:9,0,0,2
BRDA:9,0,1,6
BRDA:13,1,0,2
BRDA:13,1,1,4
BRF:4
BRH:4
end_of_record
TN:
SF:middlewares\errorHandler.js
FN:1,errorHandler
FNF:1
FNH:1
FNDA:17,errorHandler
DA:2,17
DA:3,17
DA:5,17
DA:6,2
DA:7,2
DA:9,15
DA:10,1
DA:11,1
DA:13,14
DA:14,1
DA:15,1
DA:17,13
DA:18,1
DA:19,1
DA:21,12
DA:22,2
DA:23,2
DA:25,10
DA:26,6
DA:27,6
DA:29,4
DA:30,0
DA:31,0
DA:33,4
DA:34,2
DA:35,2
DA:37,2
DA:38,2
DA:39,2
DA:43,17
DA:48,2
LF:31
LH:29
BRDA:5,0,0,2
BRDA:5,0,1,15
BRDA:5,1,0,17
BRDA:5,1,1,15
BRDA:9,2,0,1
BRDA:9,2,1,14
BRDA:13,3,0,1
BRDA:13,3,1,13
BRDA:17,4,0,1
BRDA:17,4,1,12
BRDA:21,5,0,2
BRDA:21,5,1,10
BRDA:25,6,0,6
BRDA:25,6,1,4
BRDA:25,7,0,10
BRDA:25,7,1,7
BRDA:29,8,0,0
BRDA:29,8,1,4
BRDA:33,9,0,2
BRDA:33,9,1,2
BRDA:37,10,0,2
BRDA:37,10,1,0
BRF:22
BRH:20
end_of_record
TN:
SF:middlewares\multer.js
FNF:0
FNH:0
DA:1,2
DA:2,2
DA:3,2
DA:5,2
LF:4
LH:4
BRF:0
BRH:0
end_of_record
TN:
SF:models\comment.js
FN:5,(anonymous_0)
FN:12,(anonymous_1)
FNF:2
FNH:2
FNDA:2,(anonymous_0)
FNDA:2,(anonymous_1)
DA:4,2
DA:5,2
DA:13,2
DA:14,2
DA:17,2
DA:58,2
LF:6
LH:6
BRF:0
BRH:0
end_of_record
TN:
SF:models\follower.js
FN:5,(anonymous_0)
FN:12,(anonymous_1)
FNF:2
FNH:2
FNDA:2,(anonymous_0)
FNDA:2,(anonymous_1)
DA:4,2
DA:5,2
DA:13,2
DA:14,2
DA:17,2
DA:46,2
LF:6
LH:6
BRF:0
BRH:0
end_of_record
TN:
SF:models\index.js
FN:21,(anonymous_0)
FN:29,(anonymous_1)
FN:34,(anonymous_2)
FNF:3
FNH:3
FNDA:12,(anonymous_0)
FNDA:10,(anonymous_1)
FNDA:10,(anonymous_2)
DA:3,2
DA:4,2
DA:5,2
DA:6,2
DA:7,2
DA:8,2
DA:9,2
DA:10,2
DA:13,2
DA:14,0
DA:16,2
DA:19,2
DA:22,12
DA:30,10
DA:31,10
DA:34,2
DA:35,10
DA:36,10
DA:40,2
DA:41,2
DA:43,2
LF:21
LH:20
BRDA:8,0,0,2
BRDA:8,0,1,0
BRDA:13,1,0,0
BRDA:13,1,1,2
BRDA:23,2,0,12
BRDA:23,2,1,12
BRDA:23,2,2,10
BRDA:23,2,3,10
BRDA:35,3,0,10
BRDA:35,3,1,0
BRF:10
BRH:7
end_of_record
TN:
SF:models\post.js
FN:5,(anonymous_0)
FN:12,(anonymous_1)
FNF:2
FNH:2
FNDA:2,(anonymous_0)
FNDA:2,(anonymous_1)
DA:4,2
DA:5,2
DA:13,2
DA:14,2
DA:17,2
DA:86,2
LF:6
LH:6
BRF:0
BRH:0
end_of_record
TN:
SF:models\profile.js
FN:5,(anonymous_0)
FN:12,(anonymous_1)
FNF:2
FNH:2
FNDA:2,(anonymous_0)
FNDA:2,(anonymous_1)
DA:4,2
DA:5,2
DA:13,2
DA:16,2
DA:50,2
LF:5
LH:5
BRF:0
BRH:0
end_of_record
TN:
SF:models\user.js
FN:6,(anonymous_0)
FN:13,(anonymous_1)
FN:72,(anonymous_2)
FNF:3
FNH:2
FNDA:2,(anonymous_0)
FNDA:2,(anonymous_1)
FNDA:0,(anonymous_2)
DA:4,2
DA:5,2
DA:6,2
DA:14,2
DA:15,2
DA:16,2
DA:17,2
DA:18,2
DA:21,2
DA:73,0
DA:77,2
LF:11
LH:10
BRF:0
BRH:0
end_of_record
TN:
SF:routers\index.js
FNF:0
FNH:0
DA:1,2
DA:2,2
DA:3,2
DA:4,2
DA:5,2
DA:6,2
DA:8,2
DA:9,2
DA:10,2
DA:12,2
DA:14,2
DA:15,2
DA:17,2
LF:13
LH:13
BRF:0
BRH:0
end_of_record
TN:
SF:routers\postRoutes.js
FNF:0
FNH:0
DA:1,2
DA:2,2
DA:3,2
DA:4,2
DA:5,2
DA:7,2
DA:8,2
DA:10,2
DA:12,2
DA:13,2
DA:14,2
DA:16,2
DA:17,2
DA:18,2
DA:20,2
LF:15
LH:15
BRF:0
BRH:0
end_of_record
TN:
SF:routers\userRoutes.js
FN:4,(anonymous_0)
FNF:1
FNH:0
FNDA:0,(anonymous_0)
DA:1,2
DA:2,2
DA:4,2
DA:5,0
DA:8,2
LF:5
LH:4
BRF:0
BRH:0
end_of_record
